#! /c/Source/iverilog-install/bin/vvp
:ivl_version "12.0 (devel)" "(s20150603-1539-g2693dd32b)";
:ivl_delay_selection "TYPICAL";
:vpi_time_precision + 0;
:vpi_module "C:\iverilog\lib\ivl\system.vpi";
:vpi_module "C:\iverilog\lib\ivl\vhdl_sys.vpi";
:vpi_module "C:\iverilog\lib\ivl\vhdl_textio.vpi";
:vpi_module "C:\iverilog\lib\ivl\v2005_math.vpi";
:vpi_module "C:\iverilog\lib\ivl\va_math.vpi";
S_00000185e58915c0 .scope module, "FSM101Moore" "FSM101Moore" 2 2;
 .timescale 0 0;
    .port_info 0 /INPUT 1 "clk";
    .port_info 1 /INPUT 1 "rst";
    .port_info 2 /INPUT 1 "in";
    .port_info 3 /OUTPUT 1 "out";
P_00000185e5891750 .param/l "s0" 0 2 9, +C4<00000000000000000000000000000000>;
P_00000185e5891788 .param/l "s1" 0 2 9, +C4<00000000000000000000000000000001>;
P_00000185e58917c0 .param/l "s2" 0 2 9, +C4<00000000000000000000000000000010>;
P_00000185e58917f8 .param/l "s3" 0 2 9, +C4<00000000000000000000000000000011>;
v00000185e5891840_0 .var "NS", 2 0;
v00000185e589cdd0_0 .var "PS", 2 0;
o00000185e58e9fe8 .functor BUFZ 1, C4<z>; HiZ drive
v00000185e589ce70_0 .net "clk", 0 0, o00000185e58e9fe8;  0 drivers
o00000185e58ea018 .functor BUFZ 1, C4<z>; HiZ drive
v00000185e589cf10_0 .net "in", 0 0, o00000185e58ea018;  0 drivers
v00000185e58e3ad0_0 .var "out", 0 0;
o00000185e58ea078 .functor BUFZ 1, C4<z>; HiZ drive
v00000185e58e3b70_0 .net "rst", 0 0, o00000185e58ea078;  0 drivers
E_00000185e58e5930 .event anyedge, v00000185e589cf10_0, v00000185e589cdd0_0;
E_00000185e58e4c70 .event posedge, v00000185e589ce70_0;
    .scope S_00000185e58915c0;
T_0 ;
    %wait E_00000185e58e4c70;
    %load/vec4 v00000185e58e3b70_0;
    %flag_set/vec4 8;
    %jmp/0xz  T_0.0, 8;
    %pushi/vec4 0, 0, 1;
    %assign/vec4 v00000185e58e3ad0_0, 0;
    %pushi/vec4 0, 0, 3;
    %assign/vec4 v00000185e589cdd0_0, 0;
    %jmp T_0.1;
T_0.0 ;
    %load/vec4 v00000185e5891840_0;
    %assign/vec4 v00000185e589cdd0_0, 0;
T_0.1 ;
    %jmp T_0;
    .thread T_0;
    .scope S_00000185e58915c0;
T_1 ;
    %wait E_00000185e58e5930;
    %load/vec4 v00000185e589cdd0_0;
    %dup/vec4;
    %pushi/vec4 0, 0, 3;
    %cmp/u;
    %jmp/1 T_1.0, 6;
    %dup/vec4;
    %pushi/vec4 1, 0, 3;
    %cmp/u;
    %jmp/1 T_1.1, 6;
    %dup/vec4;
    %pushi/vec4 2, 0, 3;
    %cmp/u;
    %jmp/1 T_1.2, 6;
    %dup/vec4;
    %pushi/vec4 3, 0, 3;
    %cmp/u;
    %jmp/1 T_1.3, 6;
    %jmp T_1.4;
T_1.0 ;
    %pushi/vec4 0, 0, 1;
    %store/vec4 v00000185e58e3ad0_0, 0, 1;
    %load/vec4 v00000185e589cf10_0;
    %flag_set/vec4 8;
    %jmp/0 T_1.5, 8;
    %pushi/vec4 1, 0, 32;
    %jmp/1 T_1.6, 8;
T_1.5 ; End of true expr.
    %pushi/vec4 0, 0, 32;
    %jmp/0 T_1.6, 8;
 ; End of false expr.
    %blend;
T_1.6;
    %pad/s 3;
    %store/vec4 v00000185e5891840_0, 0, 3;
    %jmp T_1.4;
T_1.1 ;
    %pushi/vec4 0, 0, 1;
    %store/vec4 v00000185e58e3ad0_0, 0, 1;
    %load/vec4 v00000185e589cf10_0;
    %flag_set/vec4 8;
    %jmp/0 T_1.7, 8;
    %pushi/vec4 1, 0, 32;
    %jmp/1 T_1.8, 8;
T_1.7 ; End of true expr.
    %pushi/vec4 2, 0, 32;
    %jmp/0 T_1.8, 8;
 ; End of false expr.
    %blend;
T_1.8;
    %pad/s 3;
    %store/vec4 v00000185e5891840_0, 0, 3;
    %jmp T_1.4;
T_1.2 ;
    %pushi/vec4 0, 0, 1;
    %store/vec4 v00000185e58e3ad0_0, 0, 1;
    %load/vec4 v00000185e589cf10_0;
    %flag_set/vec4 8;
    %jmp/0 T_1.9, 8;
    %pushi/vec4 3, 0, 32;
    %jmp/1 T_1.10, 8;
T_1.9 ; End of true expr.
    %pushi/vec4 0, 0, 32;
    %jmp/0 T_1.10, 8;
 ; End of false expr.
    %blend;
T_1.10;
    %pad/s 3;
    %store/vec4 v00000185e5891840_0, 0, 3;
    %jmp T_1.4;
T_1.3 ;
    %pushi/vec4 1, 0, 1;
    %store/vec4 v00000185e58e3ad0_0, 0, 1;
    %load/vec4 v00000185e589cf10_0;
    %flag_set/vec4 8;
    %jmp/0 T_1.11, 8;
    %pushi/vec4 1, 0, 32;
    %jmp/1 T_1.12, 8;
T_1.11 ; End of true expr.
    %pushi/vec4 2, 0, 32;
    %jmp/0 T_1.12, 8;
 ; End of false expr.
    %blend;
T_1.12;
    %pad/s 3;
    %store/vec4 v00000185e5891840_0, 0, 3;
    %jmp T_1.4;
T_1.4 ;
    %pop/vec4 1;
    %jmp T_1;
    .thread T_1, $push;
# The file index is used to find the file name in the following table.
:file_names 3;
    "N/A";
    "<interactive>";
    "FSM101Moore.v";
