#! /c/Source/iverilog-install/bin/vvp
:ivl_version "12.0 (devel)" "(s20150603-1539-g2693dd32b)";
:ivl_delay_selection "TYPICAL";
:vpi_time_precision - 12;
:vpi_module "C:\iverilog\lib\ivl\system.vpi";
:vpi_module "C:\iverilog\lib\ivl\vhdl_sys.vpi";
:vpi_module "C:\iverilog\lib\ivl\vhdl_textio.vpi";
:vpi_module "C:\iverilog\lib\ivl\v2005_math.vpi";
:vpi_module "C:\iverilog\lib\ivl\va_math.vpi";
S_00000251ba629850 .scope module, "FSM1011Mooreoveralptb" "FSM1011Mooreoveralptb" 2 3;
 .timescale -12 -12;
v00000251ba67bad0_0 .var "clk", 0 0;
v00000251ba67bb70_0 .var "in", 0 0;
v00000251ba67bc10_0 .net "out", 0 0, v00000251ba67b990_0;  1 drivers
v00000251ba67bcb0_0 .var "rst", 0 0;
S_00000251ba6299e0 .scope module, "DUT" "FSM1011Mooreoveralp" 2 6, 3 1 0, S_00000251ba629850;
 .timescale -12 -12;
    .port_info 0 /INPUT 1 "clk";
    .port_info 1 /INPUT 1 "rst";
    .port_info 2 /INPUT 1 "in";
    .port_info 3 /OUTPUT 1 "out";
P_00000251ba74ca40 .param/l "s0" 0 3 8, +C4<00000000000000000000000000000000>;
P_00000251ba74ca78 .param/l "s1" 0 3 8, +C4<00000000000000000000000000000001>;
P_00000251ba74cab0 .param/l "s2" 0 3 8, +C4<00000000000000000000000000000010>;
P_00000251ba74cae8 .param/l "s3" 0 3 8, +C4<00000000000000000000000000000011>;
P_00000251ba74cb20 .param/l "s4" 0 3 8, +C4<00000000000000000000000000000100>;
v00000251ba741920_0 .var "NS", 2 0;
v00000251ba6248d0_0 .var "PS", 2 0;
v00000251ba67b850_0 .net "clk", 0 0, v00000251ba67bad0_0;  1 drivers
v00000251ba67b8f0_0 .net "in", 0 0, v00000251ba67bb70_0;  1 drivers
v00000251ba67b990_0 .var "out", 0 0;
v00000251ba67ba30_0 .net "rst", 0 0, v00000251ba67bcb0_0;  1 drivers
E_00000251ba62f6b0 .event anyedge, v00000251ba67b8f0_0, v00000251ba6248d0_0;
E_00000251ba62ea30 .event posedge, v00000251ba67b850_0;
    .scope S_00000251ba6299e0;
T_0 ;
    %wait E_00000251ba62ea30;
    %load/vec4 v00000251ba67ba30_0;
    %flag_set/vec4 8;
    %jmp/0xz  T_0.0, 8;
    %pushi/vec4 0, 0, 1;
    %assign/vec4 v00000251ba67b990_0, 0;
    %pushi/vec4 0, 0, 3;
    %assign/vec4 v00000251ba6248d0_0, 0;
    %jmp T_0.1;
T_0.0 ;
    %load/vec4 v00000251ba741920_0;
    %assign/vec4 v00000251ba6248d0_0, 0;
T_0.1 ;
    %jmp T_0;
    .thread T_0;
    .scope S_00000251ba6299e0;
T_1 ;
    %wait E_00000251ba62f6b0;
    %load/vec4 v00000251ba6248d0_0;
    %dup/vec4;
    %pushi/vec4 0, 0, 3;
    %cmp/u;
    %jmp/1 T_1.0, 6;
    %dup/vec4;
    %pushi/vec4 1, 0, 3;
    %cmp/u;
    %jmp/1 T_1.1, 6;
    %dup/vec4;
    %pushi/vec4 2, 0, 3;
    %cmp/u;
    %jmp/1 T_1.2, 6;
    %dup/vec4;
    %pushi/vec4 3, 0, 3;
    %cmp/u;
    %jmp/1 T_1.3, 6;
    %dup/vec4;
    %pushi/vec4 4, 0, 3;
    %cmp/u;
    %jmp/1 T_1.4, 6;
    %jmp T_1.5;
T_1.0 ;
    %pushi/vec4 0, 0, 1;
    %store/vec4 v00000251ba67b990_0, 0, 1;
    %load/vec4 v00000251ba67b8f0_0;
    %flag_set/vec4 8;
    %jmp/0 T_1.6, 8;
    %pushi/vec4 1, 0, 32;
    %jmp/1 T_1.7, 8;
T_1.6 ; End of true expr.
    %pushi/vec4 0, 0, 32;
    %jmp/0 T_1.7, 8;
 ; End of false expr.
    %blend;
T_1.7;
    %pad/s 3;
    %store/vec4 v00000251ba741920_0, 0, 3;
    %jmp T_1.5;
T_1.1 ;
    %pushi/vec4 0, 0, 1;
    %store/vec4 v00000251ba67b990_0, 0, 1;
    %load/vec4 v00000251ba67b8f0_0;
    %flag_set/vec4 8;
    %jmp/0 T_1.8, 8;
    %pushi/vec4 1, 0, 32;
    %jmp/1 T_1.9, 8;
T_1.8 ; End of true expr.
    %pushi/vec4 2, 0, 32;
    %jmp/0 T_1.9, 8;
 ; End of false expr.
    %blend;
T_1.9;
    %pad/s 3;
    %store/vec4 v00000251ba741920_0, 0, 3;
    %jmp T_1.5;
T_1.2 ;
    %pushi/vec4 0, 0, 1;
    %store/vec4 v00000251ba67b990_0, 0, 1;
    %load/vec4 v00000251ba67b8f0_0;
    %flag_set/vec4 8;
    %jmp/0 T_1.10, 8;
    %pushi/vec4 3, 0, 32;
    %jmp/1 T_1.11, 8;
T_1.10 ; End of true expr.
    %pushi/vec4 0, 0, 32;
    %jmp/0 T_1.11, 8;
 ; End of false expr.
    %blend;
T_1.11;
    %pad/s 3;
    %store/vec4 v00000251ba741920_0, 0, 3;
    %jmp T_1.5;
T_1.3 ;
    %pushi/vec4 0, 0, 1;
    %store/vec4 v00000251ba67b990_0, 0, 1;
    %load/vec4 v00000251ba67b8f0_0;
    %flag_set/vec4 8;
    %jmp/0 T_1.12, 8;
    %pushi/vec4 4, 0, 32;
    %jmp/1 T_1.13, 8;
T_1.12 ; End of true expr.
    %pushi/vec4 2, 0, 32;
    %jmp/0 T_1.13, 8;
 ; End of false expr.
    %blend;
T_1.13;
    %pad/s 3;
    %store/vec4 v00000251ba741920_0, 0, 3;
    %jmp T_1.5;
T_1.4 ;
    %pushi/vec4 1, 0, 1;
    %store/vec4 v00000251ba67b990_0, 0, 1;
    %load/vec4 v00000251ba67b8f0_0;
    %flag_set/vec4 8;
    %jmp/0 T_1.14, 8;
    %pushi/vec4 1, 0, 32;
    %jmp/1 T_1.15, 8;
T_1.14 ; End of true expr.
    %pushi/vec4 2, 0, 32;
    %jmp/0 T_1.15, 8;
 ; End of false expr.
    %blend;
T_1.15;
    %pad/s 3;
    %store/vec4 v00000251ba741920_0, 0, 3;
    %jmp T_1.5;
T_1.5 ;
    %pop/vec4 1;
    %jmp T_1;
    .thread T_1, $push;
    .scope S_00000251ba629850;
T_2 ;
    %pushi/vec4 0, 0, 1;
    %store/vec4 v00000251ba67bad0_0, 0, 1;
    %pushi/vec4 1, 0, 1;
    %store/vec4 v00000251ba67bcb0_0, 0, 1;
    %delay 15, 0;
    %pushi/vec4 0, 0, 1;
    %store/vec4 v00000251ba67bcb0_0, 0, 1;
    %end;
    .thread T_2;
    .scope S_00000251ba629850;
T_3 ;
T_3.0 ;
    %delay 5, 0;
    %load/vec4 v00000251ba67bad0_0;
    %inv;
    %store/vec4 v00000251ba67bad0_0, 0, 1;
    %jmp T_3.0;
    %end;
    .thread T_3;
    .scope S_00000251ba629850;
T_4 ;
    %vpi_call 2 21 "$monitor", "%t,rst=%b,PS=%b,in=%b,out=%b", $time, v00000251ba67bcb0_0, v00000251ba6248d0_0, v00000251ba67bb70_0, v00000251ba67bc10_0 {0 0 0};
    %vpi_call 2 22 "$dumpfile", "FSM1011Mooreoveralp.vcd" {0 0 0};
    %vpi_call 2 23 "$dumpvars" {0 0 0};
    %end;
    .thread T_4;
    .scope S_00000251ba629850;
T_5 ;
    %delay 15, 0;
    %pushi/vec4 0, 0, 1;
    %store/vec4 v00000251ba67bb70_0, 0, 1;
    %delay 10, 0;
    %pushi/vec4 1, 0, 1;
    %store/vec4 v00000251ba67bb70_0, 0, 1;
    %delay 10, 0;
    %pushi/vec4 0, 0, 1;
    %store/vec4 v00000251ba67bb70_0, 0, 1;
    %delay 10, 0;
    %pushi/vec4 1, 0, 1;
    %store/vec4 v00000251ba67bb70_0, 0, 1;
    %delay 10, 0;
    %pushi/vec4 1, 0, 1;
    %store/vec4 v00000251ba67bb70_0, 0, 1;
    %delay 10, 0;
    %pushi/vec4 0, 0, 1;
    %store/vec4 v00000251ba67bb70_0, 0, 1;
    %delay 10, 0;
    %pushi/vec4 1, 0, 1;
    %store/vec4 v00000251ba67bb70_0, 0, 1;
    %delay 10, 0;
    %pushi/vec4 1, 0, 1;
    %store/vec4 v00000251ba67bb70_0, 0, 1;
    %delay 10, 0;
    %pushi/vec4 1, 0, 1;
    %store/vec4 v00000251ba67bb70_0, 0, 1;
    %delay 10, 0;
    %pushi/vec4 0, 0, 1;
    %store/vec4 v00000251ba67bb70_0, 0, 1;
    %delay 10, 0;
    %pushi/vec4 1, 0, 1;
    %store/vec4 v00000251ba67bb70_0, 0, 1;
    %delay 10, 0;
    %pushi/vec4 1, 0, 1;
    %store/vec4 v00000251ba67bb70_0, 0, 1;
    %delay 10, 0;
    %pushi/vec4 0, 0, 1;
    %store/vec4 v00000251ba67bb70_0, 0, 1;
    %delay 10, 0;
    %pushi/vec4 0, 0, 1;
    %store/vec4 v00000251ba67bb70_0, 0, 1;
    %delay 10, 0;
    %pushi/vec4 0, 0, 1;
    %store/vec4 v00000251ba67bb70_0, 0, 1;
    %delay 20, 0;
    %vpi_call 2 41 "$finish" {0 0 0};
    %end;
    .thread T_5;
# The file index is used to find the file name in the following table.
:file_names 4;
    "N/A";
    "<interactive>";
    "FSM1011Mooreoveralptb.v";
    "./FSM1011Mooreoveralp.v";
