#! /c/Source/iverilog-install/bin/vvp
:ivl_version "12.0 (devel)" "(s20150603-1539-g2693dd32b)";
:ivl_delay_selection "TYPICAL";
:vpi_time_precision + 0;
:vpi_module "C:\iverilog\lib\ivl\system.vpi";
:vpi_module "C:\iverilog\lib\ivl\vhdl_sys.vpi";
:vpi_module "C:\iverilog\lib\ivl\vhdl_textio.vpi";
:vpi_module "C:\iverilog\lib\ivl\v2005_math.vpi";
:vpi_module "C:\iverilog\lib\ivl\va_math.vpi";
S_0000024cb0b215c0 .scope module, "FSM1011MealyNonoverlap" "FSM1011MealyNonoverlap" 2 1;
 .timescale 0 0;
    .port_info 0 /INPUT 1 "clk";
    .port_info 1 /INPUT 1 "in";
    .port_info 2 /INPUT 1 "rst";
    .port_info 3 /OUTPUT 1 "out";
P_0000024cb0b21750 .param/l "s0" 0 2 8, +C4<00000000000000000000000000000000>;
P_0000024cb0b21788 .param/l "s1" 0 2 8, +C4<00000000000000000000000000000001>;
P_0000024cb0b217c0 .param/l "s2" 0 2 8, +C4<00000000000000000000000000000010>;
P_0000024cb0b217f8 .param/l "s3" 0 2 8, +C4<00000000000000000000000000000011>;
o0000024cb0b79f88 .functor BUFZ 1, C4<z>; HiZ drive
v0000024cb0b21840_0 .net "clk", 0 0, o0000024cb0b79f88;  0 drivers
o0000024cb0b79fb8 .functor BUFZ 1, C4<z>; HiZ drive
v0000024cb0b2cc20_0 .net "in", 0 0, o0000024cb0b79fb8;  0 drivers
v0000024cb0b2ccc0_0 .var "out", 0 0;
o0000024cb0b7a018 .functor BUFZ 1, C4<z>; HiZ drive
v0000024cb0b2cd60_0 .net "rst", 0 0, o0000024cb0b7a018;  0 drivers
v0000024cb0b2ce00_0 .var "state", 2 0;
E_0000024cb0b75770 .event posedge, v0000024cb0b21840_0;
    .scope S_0000024cb0b215c0;
T_0 ;
    %wait E_0000024cb0b75770;
    %load/vec4 v0000024cb0b2cd60_0;
    %flag_set/vec4 8;
    %jmp/0xz  T_0.0, 8;
    %pushi/vec4 0, 0, 1;
    %assign/vec4 v0000024cb0b2ccc0_0, 0;
    %pushi/vec4 0, 0, 3;
    %assign/vec4 v0000024cb0b2ce00_0, 0;
    %jmp T_0.1;
T_0.0 ;
    %load/vec4 v0000024cb0b2ce00_0;
    %dup/vec4;
    %pushi/vec4 0, 0, 3;
    %cmp/u;
    %jmp/1 T_0.2, 6;
    %dup/vec4;
    %pushi/vec4 1, 0, 3;
    %cmp/u;
    %jmp/1 T_0.3, 6;
    %dup/vec4;
    %pushi/vec4 2, 0, 3;
    %cmp/u;
    %jmp/1 T_0.4, 6;
    %dup/vec4;
    %pushi/vec4 3, 0, 3;
    %cmp/u;
    %jmp/1 T_0.5, 6;
    %pushi/vec4 0, 0, 1;
    %assign/vec4 v0000024cb0b2ccc0_0, 0;
    %pushi/vec4 0, 0, 3;
    %assign/vec4 v0000024cb0b2ce00_0, 0;
    %jmp T_0.7;
T_0.2 ;
    %pushi/vec4 0, 0, 1;
    %assign/vec4 v0000024cb0b2ccc0_0, 0;
    %load/vec4 v0000024cb0b2cc20_0;
    %flag_set/vec4 8;
    %jmp/0 T_0.8, 8;
    %pushi/vec4 1, 0, 32;
    %jmp/1 T_0.9, 8;
T_0.8 ; End of true expr.
    %pushi/vec4 0, 0, 32;
    %jmp/0 T_0.9, 8;
 ; End of false expr.
    %blend;
T_0.9;
    %pad/s 3;
    %assign/vec4 v0000024cb0b2ce00_0, 0;
    %jmp T_0.7;
T_0.3 ;
    %pushi/vec4 0, 0, 1;
    %assign/vec4 v0000024cb0b2ccc0_0, 0;
    %load/vec4 v0000024cb0b2cc20_0;
    %flag_set/vec4 8;
    %jmp/0 T_0.10, 8;
    %pushi/vec4 1, 0, 32;
    %jmp/1 T_0.11, 8;
T_0.10 ; End of true expr.
    %pushi/vec4 2, 0, 32;
    %jmp/0 T_0.11, 8;
 ; End of false expr.
    %blend;
T_0.11;
    %pad/s 3;
    %assign/vec4 v0000024cb0b2ce00_0, 0;
    %jmp T_0.7;
T_0.4 ;
    %pushi/vec4 0, 0, 1;
    %assign/vec4 v0000024cb0b2ccc0_0, 0;
    %load/vec4 v0000024cb0b2cc20_0;
    %flag_set/vec4 8;
    %jmp/0 T_0.12, 8;
    %pushi/vec4 3, 0, 32;
    %jmp/1 T_0.13, 8;
T_0.12 ; End of true expr.
    %pushi/vec4 0, 0, 32;
    %jmp/0 T_0.13, 8;
 ; End of false expr.
    %blend;
T_0.13;
    %pad/s 3;
    %assign/vec4 v0000024cb0b2ce00_0, 0;
    %jmp T_0.7;
T_0.5 ;
    %load/vec4 v0000024cb0b2cc20_0;
    %flag_set/vec4 8;
    %jmp/0 T_0.14, 8;
    %pushi/vec4 1, 0, 2;
    %jmp/1 T_0.15, 8;
T_0.14 ; End of true expr.
    %pushi/vec4 0, 0, 2;
    %jmp/0 T_0.15, 8;
 ; End of false expr.
    %blend;
T_0.15;
    %pad/s 1;
    %assign/vec4 v0000024cb0b2ccc0_0, 0;
    %load/vec4 v0000024cb0b2cc20_0;
    %flag_set/vec4 8;
    %jmp/0 T_0.16, 8;
    %pushi/vec4 0, 0, 32;
    %jmp/1 T_0.17, 8;
T_0.16 ; End of true expr.
    %pushi/vec4 2, 0, 32;
    %jmp/0 T_0.17, 8;
 ; End of false expr.
    %blend;
T_0.17;
    %pad/s 3;
    %assign/vec4 v0000024cb0b2ce00_0, 0;
    %jmp T_0.7;
T_0.7 ;
    %pop/vec4 1;
T_0.1 ;
    %jmp T_0;
    .thread T_0;
# The file index is used to find the file name in the following table.
:file_names 3;
    "N/A";
    "<interactive>";
    "FSM1011MealyNonoverlap.v";
