#! /c/Source/iverilog-install/bin/vvp
:ivl_version "12.0 (devel)" "(s20150603-1539-g2693dd32b)";
:ivl_delay_selection "TYPICAL";
:vpi_time_precision - 12;
:vpi_module "C:\iverilog\lib\ivl\system.vpi";
:vpi_module "C:\iverilog\lib\ivl\vhdl_sys.vpi";
:vpi_module "C:\iverilog\lib\ivl\vhdl_textio.vpi";
:vpi_module "C:\iverilog\lib\ivl\v2005_math.vpi";
:vpi_module "C:\iverilog\lib\ivl\va_math.vpi";
S_000001fb82de6b70 .scope module, "FSM101Mooretb" "FSM101Mooretb" 2 3;
 .timescale -12 -12;
v000001fb82e46980_0 .var "clk", 0 0;
v000001fb82e46a20_0 .var "in", 0 0;
v000001fb82e46ac0_0 .net "out", 0 0, v000001fb82e46840_0;  1 drivers
v000001fb82e46b60_0 .var "rst", 0 0;
S_000001fb82df9400 .scope module, "DUT" "FSM101Moore" 2 6, 3 2 0, S_000001fb82de6b70;
 .timescale -12 -12;
    .port_info 0 /INPUT 1 "clk";
    .port_info 1 /INPUT 1 "rst";
    .port_info 2 /INPUT 1 "in";
    .port_info 3 /OUTPUT 1 "out";
P_000001fb82df9590 .param/l "s0" 0 3 9, +C4<00000000000000000000000000000000>;
P_000001fb82df95c8 .param/l "s1" 0 3 9, +C4<00000000000000000000000000000001>;
P_000001fb82df9600 .param/l "s2" 0 3 9, +C4<00000000000000000000000000000010>;
P_000001fb82df9638 .param/l "s3" 0 3 9, +C4<00000000000000000000000000000011>;
v000001fb82df9680_0 .var "NS", 2 0;
v000001fb82ef1910_0 .var "PS", 2 0;
v000001fb82df9720_0 .net "clk", 0 0, v000001fb82e46980_0;  1 drivers
v000001fb82df97c0_0 .net "in", 0 0, v000001fb82e46a20_0;  1 drivers
v000001fb82e46840_0 .var "out", 0 0;
v000001fb82e468e0_0 .net "rst", 0 0, v000001fb82e46b60_0;  1 drivers
E_000001fb82efc980 .event anyedge, v000001fb82df97c0_0, v000001fb82ef1910_0;
E_000001fb82efcb40 .event posedge, v000001fb82df9720_0;
    .scope S_000001fb82df9400;
T_0 ;
    %wait E_000001fb82efcb40;
    %load/vec4 v000001fb82e468e0_0;
    %flag_set/vec4 8;
    %jmp/0xz  T_0.0, 8;
    %pushi/vec4 0, 0, 1;
    %assign/vec4 v000001fb82e46840_0, 0;
    %pushi/vec4 0, 0, 3;
    %assign/vec4 v000001fb82ef1910_0, 0;
    %jmp T_0.1;
T_0.0 ;
    %load/vec4 v000001fb82df9680_0;
    %assign/vec4 v000001fb82ef1910_0, 0;
T_0.1 ;
    %jmp T_0;
    .thread T_0;
    .scope S_000001fb82df9400;
T_1 ;
    %wait E_000001fb82efc980;
    %load/vec4 v000001fb82ef1910_0;
    %dup/vec4;
    %pushi/vec4 0, 0, 3;
    %cmp/u;
    %jmp/1 T_1.0, 6;
    %dup/vec4;
    %pushi/vec4 1, 0, 3;
    %cmp/u;
    %jmp/1 T_1.1, 6;
    %dup/vec4;
    %pushi/vec4 2, 0, 3;
    %cmp/u;
    %jmp/1 T_1.2, 6;
    %dup/vec4;
    %pushi/vec4 3, 0, 3;
    %cmp/u;
    %jmp/1 T_1.3, 6;
    %jmp T_1.4;
T_1.0 ;
    %pushi/vec4 0, 0, 1;
    %store/vec4 v000001fb82e46840_0, 0, 1;
    %load/vec4 v000001fb82df97c0_0;
    %flag_set/vec4 8;
    %jmp/0 T_1.5, 8;
    %pushi/vec4 1, 0, 32;
    %jmp/1 T_1.6, 8;
T_1.5 ; End of true expr.
    %pushi/vec4 0, 0, 32;
    %jmp/0 T_1.6, 8;
 ; End of false expr.
    %blend;
T_1.6;
    %pad/s 3;
    %store/vec4 v000001fb82df9680_0, 0, 3;
    %jmp T_1.4;
T_1.1 ;
    %pushi/vec4 0, 0, 1;
    %store/vec4 v000001fb82e46840_0, 0, 1;
    %load/vec4 v000001fb82df97c0_0;
    %flag_set/vec4 8;
    %jmp/0 T_1.7, 8;
    %pushi/vec4 1, 0, 32;
    %jmp/1 T_1.8, 8;
T_1.7 ; End of true expr.
    %pushi/vec4 2, 0, 32;
    %jmp/0 T_1.8, 8;
 ; End of false expr.
    %blend;
T_1.8;
    %pad/s 3;
    %store/vec4 v000001fb82df9680_0, 0, 3;
    %jmp T_1.4;
T_1.2 ;
    %pushi/vec4 0, 0, 1;
    %store/vec4 v000001fb82e46840_0, 0, 1;
    %load/vec4 v000001fb82df97c0_0;
    %flag_set/vec4 8;
    %jmp/0 T_1.9, 8;
    %pushi/vec4 3, 0, 32;
    %jmp/1 T_1.10, 8;
T_1.9 ; End of true expr.
    %pushi/vec4 0, 0, 32;
    %jmp/0 T_1.10, 8;
 ; End of false expr.
    %blend;
T_1.10;
    %pad/s 3;
    %store/vec4 v000001fb82df9680_0, 0, 3;
    %jmp T_1.4;
T_1.3 ;
    %pushi/vec4 1, 0, 1;
    %store/vec4 v000001fb82e46840_0, 0, 1;
    %load/vec4 v000001fb82df97c0_0;
    %flag_set/vec4 8;
    %jmp/0 T_1.11, 8;
    %pushi/vec4 1, 0, 32;
    %jmp/1 T_1.12, 8;
T_1.11 ; End of true expr.
    %pushi/vec4 2, 0, 32;
    %jmp/0 T_1.12, 8;
 ; End of false expr.
    %blend;
T_1.12;
    %pad/s 3;
    %store/vec4 v000001fb82df9680_0, 0, 3;
    %jmp T_1.4;
T_1.4 ;
    %pop/vec4 1;
    %jmp T_1;
    .thread T_1, $push;
    .scope S_000001fb82de6b70;
T_2 ;
    %pushi/vec4 0, 0, 1;
    %store/vec4 v000001fb82e46980_0, 0, 1;
    %pushi/vec4 1, 0, 1;
    %store/vec4 v000001fb82e46b60_0, 0, 1;
    %delay 15, 0;
    %pushi/vec4 0, 0, 1;
    %store/vec4 v000001fb82e46b60_0, 0, 1;
    %end;
    .thread T_2;
    .scope S_000001fb82de6b70;
T_3 ;
T_3.0 ;
    %delay 5, 0;
    %load/vec4 v000001fb82e46980_0;
    %nor/r;
    %store/vec4 v000001fb82e46980_0, 0, 1;
    %jmp T_3.0;
    %end;
    .thread T_3;
    .scope S_000001fb82de6b70;
T_4 ;
    %vpi_call 2 21 "$monitor", "%t,in=%b,PS=%b,out=%b", $time, v000001fb82e46a20_0, v000001fb82ef1910_0, v000001fb82e46ac0_0 {0 0 0};
    %vpi_call 2 22 "$dumpfile", "FSM101Moore.vcd" {0 0 0};
    %vpi_call 2 23 "$dumpvars" {0 0 0};
    %end;
    .thread T_4;
    .scope S_000001fb82de6b70;
T_5 ;
    %delay 15, 0;
    %pushi/vec4 0, 0, 1;
    %store/vec4 v000001fb82e46a20_0, 0, 1;
    %delay 10, 0;
    %pushi/vec4 0, 0, 1;
    %store/vec4 v000001fb82e46a20_0, 0, 1;
    %delay 10, 0;
    %pushi/vec4 1, 0, 1;
    %store/vec4 v000001fb82e46a20_0, 0, 1;
    %delay 10, 0;
    %pushi/vec4 0, 0, 1;
    %store/vec4 v000001fb82e46a20_0, 0, 1;
    %delay 10, 0;
    %pushi/vec4 1, 0, 1;
    %store/vec4 v000001fb82e46a20_0, 0, 1;
    %delay 10, 0;
    %pushi/vec4 0, 0, 1;
    %store/vec4 v000001fb82e46a20_0, 0, 1;
    %delay 10, 0;
    %pushi/vec4 1, 0, 1;
    %store/vec4 v000001fb82e46a20_0, 0, 1;
    %delay 10, 0;
    %pushi/vec4 0, 0, 1;
    %store/vec4 v000001fb82e46a20_0, 0, 1;
    %delay 20, 0;
    %vpi_call 2 34 "$finish" {0 0 0};
    %end;
    .thread T_5;
# The file index is used to find the file name in the following table.
:file_names 4;
    "N/A";
    "<interactive>";
    "FSM101Mooretb.v";
    "./FSM101Moore.v";
