#! /c/Source/iverilog-install/bin/vvp
:ivl_version "12.0 (devel)" "(s20150603-1539-g2693dd32b)";
:ivl_delay_selection "TYPICAL";
:vpi_time_precision - 12;
:vpi_module "C:\iverilog\lib\ivl\system.vpi";
:vpi_module "C:\iverilog\lib\ivl\vhdl_sys.vpi";
:vpi_module "C:\iverilog\lib\ivl\vhdl_textio.vpi";
:vpi_module "C:\iverilog\lib\ivl\v2005_math.vpi";
:vpi_module "C:\iverilog\lib\ivl\va_math.vpi";
S_0000027eaf7d8600 .scope module, "FSM_1010_Moore_tb" "FSM_1010_Moore_tb" 2 3;
 .timescale -12 -12;
v0000027eaf8378e0_0 .var "clk", 0 0;
v0000027eaf837980_0 .var "in", 0 0;
v0000027eaf837a20_0 .net "out", 0 0, v0000027eaf7e9b40_0;  1 drivers
v0000027eaf837ac0_0 .var "rst", 0 0;
S_0000027eaf7e97f0 .scope module, "DUT" "FSM_1010" 2 6, 3 2 0, S_0000027eaf7d8600;
 .timescale -12 -12;
    .port_info 0 /INPUT 1 "clk";
    .port_info 1 /INPUT 1 "rst";
    .port_info 2 /INPUT 1 "in";
    .port_info 3 /OUTPUT 1 "out";
P_0000027eaf7e9980 .param/l "s0" 0 3 8, +C4<00000000000000000000000000000000>;
P_0000027eaf7e99b8 .param/l "s1" 0 3 8, +C4<00000000000000000000000000000001>;
P_0000027eaf7e99f0 .param/l "s2" 0 3 8, +C4<00000000000000000000000000000010>;
P_0000027eaf7e9a28 .param/l "s3" 0 3 8, +C4<00000000000000000000000000000011>;
P_0000027eaf7e9a60 .param/l "s4" 0 3 8, +C4<00000000000000000000000000000100>;
v0000027eaf901b90_0 .var "NS", 2 0;
v0000027eaf901910_0 .var "PS", 2 0;
v0000027eaf7d8790_0 .net "clk", 0 0, v0000027eaf8378e0_0;  1 drivers
v0000027eaf7e9aa0_0 .net "in", 0 0, v0000027eaf837980_0;  1 drivers
v0000027eaf7e9b40_0 .var "out", 0 0;
v0000027eaf837840_0 .net "rst", 0 0, v0000027eaf837ac0_0;  1 drivers
E_0000027eaf90a1b0 .event anyedge, v0000027eaf7e9aa0_0, v0000027eaf901910_0;
E_0000027eaf909f70 .event posedge, v0000027eaf7d8790_0;
    .scope S_0000027eaf7e97f0;
T_0 ;
    %wait E_0000027eaf909f70;
    %load/vec4 v0000027eaf837840_0;
    %flag_set/vec4 8;
    %jmp/0xz  T_0.0, 8;
    %pushi/vec4 0, 0, 1;
    %assign/vec4 v0000027eaf7e9b40_0, 0;
    %pushi/vec4 0, 0, 3;
    %assign/vec4 v0000027eaf901910_0, 0;
    %jmp T_0.1;
T_0.0 ;
    %load/vec4 v0000027eaf901b90_0;
    %assign/vec4 v0000027eaf901910_0, 0;
T_0.1 ;
    %jmp T_0;
    .thread T_0;
    .scope S_0000027eaf7e97f0;
T_1 ;
    %wait E_0000027eaf90a1b0;
    %load/vec4 v0000027eaf901910_0;
    %dup/vec4;
    %pushi/vec4 0, 0, 3;
    %cmp/u;
    %jmp/1 T_1.0, 6;
    %dup/vec4;
    %pushi/vec4 1, 0, 3;
    %cmp/u;
    %jmp/1 T_1.1, 6;
    %dup/vec4;
    %pushi/vec4 2, 0, 3;
    %cmp/u;
    %jmp/1 T_1.2, 6;
    %dup/vec4;
    %pushi/vec4 3, 0, 3;
    %cmp/u;
    %jmp/1 T_1.3, 6;
    %dup/vec4;
    %pushi/vec4 4, 0, 3;
    %cmp/u;
    %jmp/1 T_1.4, 6;
    %jmp T_1.5;
T_1.0 ;
    %pushi/vec4 0, 0, 1;
    %assign/vec4 v0000027eaf7e9b40_0, 0;
    %load/vec4 v0000027eaf7e9aa0_0;
    %flag_set/vec4 8;
    %jmp/0 T_1.6, 8;
    %pushi/vec4 1, 0, 32;
    %jmp/1 T_1.7, 8;
T_1.6 ; End of true expr.
    %pushi/vec4 0, 0, 32;
    %jmp/0 T_1.7, 8;
 ; End of false expr.
    %blend;
T_1.7;
    %pad/s 3;
    %store/vec4 v0000027eaf901b90_0, 0, 3;
    %jmp T_1.5;
T_1.1 ;
    %pushi/vec4 0, 0, 1;
    %assign/vec4 v0000027eaf7e9b40_0, 0;
    %load/vec4 v0000027eaf7e9aa0_0;
    %flag_set/vec4 8;
    %jmp/0 T_1.8, 8;
    %pushi/vec4 1, 0, 32;
    %jmp/1 T_1.9, 8;
T_1.8 ; End of true expr.
    %pushi/vec4 2, 0, 32;
    %jmp/0 T_1.9, 8;
 ; End of false expr.
    %blend;
T_1.9;
    %pad/s 3;
    %store/vec4 v0000027eaf901b90_0, 0, 3;
    %jmp T_1.5;
T_1.2 ;
    %pushi/vec4 0, 0, 1;
    %assign/vec4 v0000027eaf7e9b40_0, 0;
    %load/vec4 v0000027eaf7e9aa0_0;
    %flag_set/vec4 8;
    %jmp/0 T_1.10, 8;
    %pushi/vec4 3, 0, 32;
    %jmp/1 T_1.11, 8;
T_1.10 ; End of true expr.
    %pushi/vec4 0, 0, 32;
    %jmp/0 T_1.11, 8;
 ; End of false expr.
    %blend;
T_1.11;
    %pad/s 3;
    %store/vec4 v0000027eaf901b90_0, 0, 3;
    %jmp T_1.5;
T_1.3 ;
    %pushi/vec4 0, 0, 1;
    %assign/vec4 v0000027eaf7e9b40_0, 0;
    %load/vec4 v0000027eaf7e9aa0_0;
    %flag_set/vec4 8;
    %jmp/0 T_1.12, 8;
    %pushi/vec4 1, 0, 32;
    %jmp/1 T_1.13, 8;
T_1.12 ; End of true expr.
    %pushi/vec4 4, 0, 32;
    %jmp/0 T_1.13, 8;
 ; End of false expr.
    %blend;
T_1.13;
    %pad/s 3;
    %store/vec4 v0000027eaf901b90_0, 0, 3;
    %jmp T_1.5;
T_1.4 ;
    %pushi/vec4 1, 0, 1;
    %assign/vec4 v0000027eaf7e9b40_0, 0;
    %load/vec4 v0000027eaf7e9aa0_0;
    %flag_set/vec4 8;
    %jmp/0 T_1.14, 8;
    %pushi/vec4 3, 0, 32;
    %jmp/1 T_1.15, 8;
T_1.14 ; End of true expr.
    %pushi/vec4 0, 0, 32;
    %jmp/0 T_1.15, 8;
 ; End of false expr.
    %blend;
T_1.15;
    %pad/s 3;
    %store/vec4 v0000027eaf901b90_0, 0, 3;
    %jmp T_1.5;
T_1.5 ;
    %pop/vec4 1;
    %jmp T_1;
    .thread T_1, $push;
    .scope S_0000027eaf7d8600;
T_2 ;
    %pushi/vec4 1, 0, 1;
    %store/vec4 v0000027eaf837ac0_0, 0, 1;
    %pushi/vec4 0, 0, 1;
    %store/vec4 v0000027eaf8378e0_0, 0, 1;
    %delay 15, 0;
    %pushi/vec4 0, 0, 1;
    %store/vec4 v0000027eaf837ac0_0, 0, 1;
    %end;
    .thread T_2;
    .scope S_0000027eaf7d8600;
T_3 ;
T_3.0 ;
    %delay 5, 0;
    %load/vec4 v0000027eaf8378e0_0;
    %inv;
    %store/vec4 v0000027eaf8378e0_0, 0, 1;
    %jmp T_3.0;
    %end;
    .thread T_3;
    .scope S_0000027eaf7d8600;
T_4 ;
    %vpi_call 2 21 "$dumpfile", "FSM1010.vcd" {0 0 0};
    %vpi_call 2 22 "$dumpvars" {0 0 0};
    %vpi_call 2 23 "$monitor", $time, "in=%b,ps=%b,out=%b", v0000027eaf837980_0, v0000027eaf901910_0, v0000027eaf837a20_0 {0 0 0};
    %delay 15, 0;
    %pushi/vec4 0, 0, 1;
    %store/vec4 v0000027eaf837980_0, 0, 1;
    %delay 10, 0;
    %pushi/vec4 1, 0, 1;
    %store/vec4 v0000027eaf837980_0, 0, 1;
    %delay 10, 0;
    %pushi/vec4 0, 0, 1;
    %store/vec4 v0000027eaf837980_0, 0, 1;
    %delay 10, 0;
    %pushi/vec4 1, 0, 1;
    %store/vec4 v0000027eaf837980_0, 0, 1;
    %delay 10, 0;
    %pushi/vec4 0, 0, 1;
    %store/vec4 v0000027eaf837980_0, 0, 1;
    %delay 10, 0;
    %pushi/vec4 1, 0, 1;
    %store/vec4 v0000027eaf837980_0, 0, 1;
    %delay 10, 0;
    %pushi/vec4 0, 0, 1;
    %store/vec4 v0000027eaf837980_0, 0, 1;
    %delay 10, 0;
    %pushi/vec4 1, 0, 1;
    %store/vec4 v0000027eaf837980_0, 0, 1;
    %delay 20, 0;
    %vpi_call 2 26 "$finish" {0 0 0};
    %end;
    .thread T_4;
# The file index is used to find the file name in the following table.
:file_names 4;
    "N/A";
    "<interactive>";
    "FSM_1010_Moore_tb.v";
    "./FSM_1010_Moore.v";
