#! /c/Source/iverilog-install/bin/vvp
:ivl_version "12.0 (devel)" "(s20150603-1539-g2693dd32b)";
:ivl_delay_selection "TYPICAL";
:vpi_time_precision - 12;
:vpi_module "C:\iverilog\lib\ivl\system.vpi";
:vpi_module "C:\iverilog\lib\ivl\vhdl_sys.vpi";
:vpi_module "C:\iverilog\lib\ivl\vhdl_textio.vpi";
:vpi_module "C:\iverilog\lib\ivl\v2005_math.vpi";
:vpi_module "C:\iverilog\lib\ivl\va_math.vpi";
S_000002234be615e0 .scope module, "FSM_1010" "FSM_1010" 2 2;
 .timescale -12 -12;
    .port_info 0 /INPUT 1 "clk";
    .port_info 1 /INPUT 1 "rst";
    .port_info 2 /INPUT 1 "in";
    .port_info 3 /OUTPUT 1 "out";
P_000002234be61770 .param/l "s0" 0 2 8, +C4<00000000000000000000000000000000>;
P_000002234be617a8 .param/l "s1" 0 2 8, +C4<00000000000000000000000000000001>;
P_000002234be617e0 .param/l "s2" 0 2 8, +C4<00000000000000000000000000000010>;
P_000002234be61818 .param/l "s3" 0 2 8, +C4<00000000000000000000000000000011>;
P_000002234be61850 .param/l "s4" 0 2 8, +C4<00000000000000000000000000000100>;
v000002234be61b50_0 .var "NS", 2 0;
v000002234be61890_0 .var "PS", 2 0;
o000002234bcf9fe8 .functor BUFZ 1, C4<z>; HiZ drive
v000002234bcf3020_0 .net "clk", 0 0, o000002234bcf9fe8;  0 drivers
o000002234bcfa018 .functor BUFZ 1, C4<z>; HiZ drive
v000002234bcf30c0_0 .net "in", 0 0, o000002234bcfa018;  0 drivers
v000002234bcf3160_0 .var "out", 0 0;
o000002234bcfa078 .functor BUFZ 1, C4<z>; HiZ drive
v000002234bcf3200_0 .net "rst", 0 0, o000002234bcfa078;  0 drivers
E_000002234be6caa0 .event anyedge, v000002234bcf30c0_0, v000002234be61890_0;
E_000002234be6c1a0 .event posedge, v000002234bcf3020_0;
    .scope S_000002234be615e0;
T_0 ;
    %wait E_000002234be6c1a0;
    %load/vec4 v000002234bcf3200_0;
    %flag_set/vec4 8;
    %jmp/0xz  T_0.0, 8;
    %pushi/vec4 0, 0, 1;
    %assign/vec4 v000002234bcf3160_0, 0;
    %pushi/vec4 0, 0, 3;
    %assign/vec4 v000002234be61890_0, 0;
    %jmp T_0.1;
T_0.0 ;
    %load/vec4 v000002234be61b50_0;
    %assign/vec4 v000002234be61890_0, 0;
T_0.1 ;
    %jmp T_0;
    .thread T_0;
    .scope S_000002234be615e0;
T_1 ;
    %wait E_000002234be6caa0;
    %load/vec4 v000002234be61890_0;
    %dup/vec4;
    %pushi/vec4 0, 0, 3;
    %cmp/u;
    %jmp/1 T_1.0, 6;
    %dup/vec4;
    %pushi/vec4 1, 0, 3;
    %cmp/u;
    %jmp/1 T_1.1, 6;
    %dup/vec4;
    %pushi/vec4 2, 0, 3;
    %cmp/u;
    %jmp/1 T_1.2, 6;
    %dup/vec4;
    %pushi/vec4 3, 0, 3;
    %cmp/u;
    %jmp/1 T_1.3, 6;
    %dup/vec4;
    %pushi/vec4 4, 0, 3;
    %cmp/u;
    %jmp/1 T_1.4, 6;
    %jmp T_1.5;
T_1.0 ;
    %pushi/vec4 0, 0, 1;
    %assign/vec4 v000002234bcf3160_0, 0;
    %load/vec4 v000002234bcf30c0_0;
    %flag_set/vec4 8;
    %jmp/0 T_1.6, 8;
    %pushi/vec4 1, 0, 32;
    %jmp/1 T_1.7, 8;
T_1.6 ; End of true expr.
    %pushi/vec4 0, 0, 32;
    %jmp/0 T_1.7, 8;
 ; End of false expr.
    %blend;
T_1.7;
    %pad/s 3;
    %store/vec4 v000002234be61b50_0, 0, 3;
    %jmp T_1.5;
T_1.1 ;
    %pushi/vec4 0, 0, 1;
    %assign/vec4 v000002234bcf3160_0, 0;
    %load/vec4 v000002234bcf30c0_0;
    %flag_set/vec4 8;
    %jmp/0 T_1.8, 8;
    %pushi/vec4 1, 0, 32;
    %jmp/1 T_1.9, 8;
T_1.8 ; End of true expr.
    %pushi/vec4 2, 0, 32;
    %jmp/0 T_1.9, 8;
 ; End of false expr.
    %blend;
T_1.9;
    %pad/s 3;
    %store/vec4 v000002234be61b50_0, 0, 3;
    %jmp T_1.5;
T_1.2 ;
    %pushi/vec4 0, 0, 1;
    %assign/vec4 v000002234bcf3160_0, 0;
    %load/vec4 v000002234bcf30c0_0;
    %flag_set/vec4 8;
    %jmp/0 T_1.10, 8;
    %pushi/vec4 3, 0, 32;
    %jmp/1 T_1.11, 8;
T_1.10 ; End of true expr.
    %pushi/vec4 0, 0, 32;
    %jmp/0 T_1.11, 8;
 ; End of false expr.
    %blend;
T_1.11;
    %pad/s 3;
    %store/vec4 v000002234be61b50_0, 0, 3;
    %jmp T_1.5;
T_1.3 ;
    %pushi/vec4 0, 0, 1;
    %assign/vec4 v000002234bcf3160_0, 0;
    %load/vec4 v000002234bcf30c0_0;
    %flag_set/vec4 8;
    %jmp/0 T_1.12, 8;
    %pushi/vec4 1, 0, 32;
    %jmp/1 T_1.13, 8;
T_1.12 ; End of true expr.
    %pushi/vec4 4, 0, 32;
    %jmp/0 T_1.13, 8;
 ; End of false expr.
    %blend;
T_1.13;
    %pad/s 3;
    %store/vec4 v000002234be61b50_0, 0, 3;
    %jmp T_1.5;
T_1.4 ;
    %pushi/vec4 1, 0, 1;
    %assign/vec4 v000002234bcf3160_0, 0;
    %load/vec4 v000002234bcf30c0_0;
    %flag_set/vec4 8;
    %jmp/0 T_1.14, 8;
    %pushi/vec4 3, 0, 32;
    %jmp/1 T_1.15, 8;
T_1.14 ; End of true expr.
    %pushi/vec4 0, 0, 32;
    %jmp/0 T_1.15, 8;
 ; End of false expr.
    %blend;
T_1.15;
    %pad/s 3;
    %store/vec4 v000002234be61b50_0, 0, 3;
    %jmp T_1.5;
T_1.5 ;
    %pop/vec4 1;
    %jmp T_1;
    .thread T_1, $push;
# The file index is used to find the file name in the following table.
:file_names 3;
    "N/A";
    "<interactive>";
    "FSM_1010_Moore.v";
