#! /c/Source/iverilog-install/bin/vvp
:ivl_version "12.0 (devel)" "(s20150603-1539-g2693dd32b)";
:ivl_delay_selection "TYPICAL";
:vpi_time_precision - 12;
:vpi_module "C:\iverilog\lib\ivl\system.vpi";
:vpi_module "C:\iverilog\lib\ivl\vhdl_sys.vpi";
:vpi_module "C:\iverilog\lib\ivl\vhdl_textio.vpi";
:vpi_module "C:\iverilog\lib\ivl\v2005_math.vpi";
:vpi_module "C:\iverilog\lib\ivl\va_math.vpi";
S_00000254cc487c00 .scope module, "FSM_1101_tb" "FSM_1101_tb" 2 3;
 .timescale -12 -12;
v00000254cc498100_0 .var "clk", 0 0;
v00000254cc494400_0 .var "in", 0 0;
v00000254cc4944a0_0 .net "out", 0 0, v00000254cc497f20_0;  1 drivers
v00000254cc494540_0 .var "rst", 0 0;
S_00000254cc497d90 .scope module, "DUT" "FSM1101" 2 6, 3 2 0, S_00000254cc487c00;
 .timescale -12 -12;
    .port_info 0 /INPUT 1 "clk";
    .port_info 1 /INPUT 1 "rst";
    .port_info 2 /INPUT 1 "in";
    .port_info 3 /OUTPUT 1 "out";
P_00000254cc487d90 .param/l "S0" 0 3 8, +C4<00000000000000000000000000000000>;
P_00000254cc487dc8 .param/l "S1" 0 3 9, +C4<00000000000000000000000000000001>;
P_00000254cc487e00 .param/l "S2" 0 3 10, +C4<00000000000000000000000000000010>;
P_00000254cc487e38 .param/l "S3" 0 3 11, +C4<00000000000000000000000000000011>;
v00000254cc44cf40_0 .net "clk", 0 0, v00000254cc498100_0;  1 drivers
v00000254cc441b50_0 .net "in", 0 0, v00000254cc494400_0;  1 drivers
v00000254cc497f20_0 .var "out", 0 0;
v00000254cc497fc0_0 .net "rst", 0 0, v00000254cc494540_0;  1 drivers
v00000254cc498060_0 .var "state", 1 0;
E_00000254cc44caf0 .event posedge, v00000254cc44cf40_0;
    .scope S_00000254cc497d90;
T_0 ;
    %wait E_00000254cc44caf0;
    %load/vec4 v00000254cc497fc0_0;
    %flag_set/vec4 8;
    %jmp/0xz  T_0.0, 8;
    %pushi/vec4 0, 0, 1;
    %assign/vec4 v00000254cc497f20_0, 0;
    %pushi/vec4 0, 0, 2;
    %assign/vec4 v00000254cc498060_0, 0;
    %jmp T_0.1;
T_0.0 ;
    %load/vec4 v00000254cc498060_0;
    %dup/vec4;
    %pushi/vec4 0, 0, 2;
    %cmp/u;
    %jmp/1 T_0.2, 6;
    %dup/vec4;
    %pushi/vec4 1, 0, 2;
    %cmp/u;
    %jmp/1 T_0.3, 6;
    %dup/vec4;
    %pushi/vec4 2, 0, 2;
    %cmp/u;
    %jmp/1 T_0.4, 6;
    %dup/vec4;
    %pushi/vec4 3, 0, 2;
    %cmp/u;
    %jmp/1 T_0.5, 6;
    %pushi/vec4 0, 0, 2;
    %assign/vec4 v00000254cc498060_0, 0;
    %pushi/vec4 0, 0, 1;
    %assign/vec4 v00000254cc497f20_0, 0;
    %jmp T_0.7;
T_0.2 ;
    %load/vec4 v00000254cc441b50_0;
    %flag_set/vec4 8;
    %jmp/0 T_0.8, 8;
    %pushi/vec4 1, 0, 32;
    %jmp/1 T_0.9, 8;
T_0.8 ; End of true expr.
    %pushi/vec4 0, 0, 32;
    %jmp/0 T_0.9, 8;
 ; End of false expr.
    %blend;
T_0.9;
    %pad/s 2;
    %assign/vec4 v00000254cc498060_0, 0;
    %pushi/vec4 0, 0, 1;
    %assign/vec4 v00000254cc497f20_0, 0;
    %jmp T_0.7;
T_0.3 ;
    %load/vec4 v00000254cc441b50_0;
    %flag_set/vec4 8;
    %jmp/0 T_0.10, 8;
    %pushi/vec4 2, 0, 32;
    %jmp/1 T_0.11, 8;
T_0.10 ; End of true expr.
    %pushi/vec4 0, 0, 32;
    %jmp/0 T_0.11, 8;
 ; End of false expr.
    %blend;
T_0.11;
    %pad/s 2;
    %assign/vec4 v00000254cc498060_0, 0;
    %pushi/vec4 0, 0, 1;
    %assign/vec4 v00000254cc497f20_0, 0;
    %jmp T_0.7;
T_0.4 ;
    %load/vec4 v00000254cc441b50_0;
    %flag_set/vec4 8;
    %jmp/0 T_0.12, 8;
    %pushi/vec4 2, 0, 32;
    %jmp/1 T_0.13, 8;
T_0.12 ; End of true expr.
    %pushi/vec4 3, 0, 32;
    %jmp/0 T_0.13, 8;
 ; End of false expr.
    %blend;
T_0.13;
    %pad/s 2;
    %assign/vec4 v00000254cc498060_0, 0;
    %pushi/vec4 0, 0, 1;
    %assign/vec4 v00000254cc497f20_0, 0;
    %jmp T_0.7;
T_0.5 ;
    %pushi/vec4 0, 0, 2;
    %assign/vec4 v00000254cc498060_0, 0;
    %load/vec4 v00000254cc441b50_0;
    %flag_set/vec4 8;
    %jmp/0 T_0.14, 8;
    %pushi/vec4 1, 0, 2;
    %jmp/1 T_0.15, 8;
T_0.14 ; End of true expr.
    %pushi/vec4 0, 0, 2;
    %jmp/0 T_0.15, 8;
 ; End of false expr.
    %blend;
T_0.15;
    %pad/s 1;
    %assign/vec4 v00000254cc497f20_0, 0;
    %jmp T_0.7;
T_0.7 ;
    %pop/vec4 1;
T_0.1 ;
    %jmp T_0;
    .thread T_0;
    .scope S_00000254cc487c00;
T_1 ;
    %pushi/vec4 0, 0, 1;
    %store/vec4 v00000254cc498100_0, 0, 1;
    %pushi/vec4 1, 0, 1;
    %store/vec4 v00000254cc494540_0, 0, 1;
    %delay 15, 0;
    %pushi/vec4 0, 0, 1;
    %store/vec4 v00000254cc494540_0, 0, 1;
    %end;
    .thread T_1;
    .scope S_00000254cc487c00;
T_2 ;
T_2.0 ;
    %delay 5, 0;
    %load/vec4 v00000254cc498100_0;
    %inv;
    %store/vec4 v00000254cc498100_0, 0, 1;
    %jmp T_2.0;
    %end;
    .thread T_2;
    .scope S_00000254cc487c00;
T_3 ;
    %vpi_call 2 24 "$monitor", "%t||rst=%b||in=%b||out=%b||state=%d", $time, v00000254cc494540_0, v00000254cc494400_0, v00000254cc4944a0_0, v00000254cc498060_0 {0 0 0};
    %vpi_call 2 25 "$dumpfile", "FSM_1101.vcd" {0 0 0};
    %vpi_call 2 26 "$dumpvars" {0 0 0};
    %end;
    .thread T_3;
    .scope S_00000254cc487c00;
T_4 ;
    %delay 15, 0;
    %pushi/vec4 0, 0, 1;
    %store/vec4 v00000254cc494400_0, 0, 1;
    %delay 10, 0;
    %pushi/vec4 1, 0, 1;
    %store/vec4 v00000254cc494400_0, 0, 1;
    %delay 10, 0;
    %pushi/vec4 1, 0, 1;
    %store/vec4 v00000254cc494400_0, 0, 1;
    %delay 10, 0;
    %pushi/vec4 0, 0, 1;
    %store/vec4 v00000254cc494400_0, 0, 1;
    %delay 10, 0;
    %pushi/vec4 1, 0, 1;
    %store/vec4 v00000254cc494400_0, 0, 1;
    %delay 10, 0;
    %pushi/vec4 1, 0, 1;
    %store/vec4 v00000254cc494400_0, 0, 1;
    %delay 10, 0;
    %pushi/vec4 1, 0, 1;
    %store/vec4 v00000254cc494400_0, 0, 1;
    %delay 20, 0;
    %vpi_call 2 31 "$finish" {0 0 0};
    %end;
    .thread T_4;
# The file index is used to find the file name in the following table.
:file_names 4;
    "N/A";
    "<interactive>";
    "FSM_1101_tb.v";
    "./FSM_1101_MealyMachine.v";
