#! /c/Source/iverilog-install/bin/vvp
:ivl_version "12.0 (devel)" "(s20150603-1539-g2693dd32b)";
:ivl_delay_selection "TYPICAL";
:vpi_time_precision - 12;
:vpi_module "C:\iverilog\lib\ivl\system.vpi";
:vpi_module "C:\iverilog\lib\ivl\vhdl_sys.vpi";
:vpi_module "C:\iverilog\lib\ivl\vhdl_textio.vpi";
:vpi_module "C:\iverilog\lib\ivl\v2005_math.vpi";
:vpi_module "C:\iverilog\lib\ivl\va_math.vpi";
S_0000026df74015a0 .scope module, "FSM1101" "FSM1101" 2 2;
 .timescale -12 -12;
    .port_info 0 /INPUT 1 "clk";
    .port_info 1 /INPUT 1 "rst";
    .port_info 2 /INPUT 1 "in";
    .port_info 3 /OUTPUT 1 "out";
P_0000026df7401730 .param/l "S0" 0 2 8, +C4<00000000000000000000000000000000>;
P_0000026df7401768 .param/l "S1" 0 2 9, +C4<00000000000000000000000000000001>;
P_0000026df74017a0 .param/l "S2" 0 2 10, +C4<00000000000000000000000000000010>;
P_0000026df74017d8 .param/l "S3" 0 2 11, +C4<00000000000000000000000000000011>;
o0000026df7457f78 .functor BUFZ 1, C4<z>; HiZ drive
v0000026df7401af0_0 .net "clk", 0 0, o0000026df7457f78;  0 drivers
o0000026df7457fa8 .functor BUFZ 1, C4<z>; HiZ drive
v0000026df7401820_0 .net "in", 0 0, o0000026df7457fa8;  0 drivers
v0000026df740ccb0_0 .var "out", 0 0;
o0000026df7458008 .functor BUFZ 1, C4<z>; HiZ drive
v0000026df740cd50_0 .net "rst", 0 0, o0000026df7458008;  0 drivers
v0000026df740cdf0_0 .var "state", 1 0;
E_0000026df7455330 .event posedge, v0000026df7401af0_0;
    .scope S_0000026df74015a0;
T_0 ;
    %wait E_0000026df7455330;
    %load/vec4 v0000026df740cd50_0;
    %flag_set/vec4 8;
    %jmp/0xz  T_0.0, 8;
    %pushi/vec4 0, 0, 1;
    %assign/vec4 v0000026df740ccb0_0, 0;
    %pushi/vec4 0, 0, 2;
    %assign/vec4 v0000026df740cdf0_0, 0;
    %jmp T_0.1;
T_0.0 ;
    %load/vec4 v0000026df740cdf0_0;
    %dup/vec4;
    %pushi/vec4 0, 0, 2;
    %cmp/u;
    %jmp/1 T_0.2, 6;
    %dup/vec4;
    %pushi/vec4 1, 0, 2;
    %cmp/u;
    %jmp/1 T_0.3, 6;
    %dup/vec4;
    %pushi/vec4 2, 0, 2;
    %cmp/u;
    %jmp/1 T_0.4, 6;
    %dup/vec4;
    %pushi/vec4 3, 0, 2;
    %cmp/u;
    %jmp/1 T_0.5, 6;
    %pushi/vec4 0, 0, 2;
    %assign/vec4 v0000026df740cdf0_0, 0;
    %pushi/vec4 0, 0, 1;
    %assign/vec4 v0000026df740ccb0_0, 0;
    %jmp T_0.7;
T_0.2 ;
    %load/vec4 v0000026df7401820_0;
    %flag_set/vec4 8;
    %jmp/0 T_0.8, 8;
    %pushi/vec4 1, 0, 32;
    %jmp/1 T_0.9, 8;
T_0.8 ; End of true expr.
    %pushi/vec4 0, 0, 32;
    %jmp/0 T_0.9, 8;
 ; End of false expr.
    %blend;
T_0.9;
    %pad/s 2;
    %assign/vec4 v0000026df740cdf0_0, 0;
    %pushi/vec4 0, 0, 1;
    %assign/vec4 v0000026df740ccb0_0, 0;
    %jmp T_0.7;
T_0.3 ;
    %load/vec4 v0000026df7401820_0;
    %flag_set/vec4 8;
    %jmp/0 T_0.10, 8;
    %pushi/vec4 2, 0, 32;
    %jmp/1 T_0.11, 8;
T_0.10 ; End of true expr.
    %pushi/vec4 0, 0, 32;
    %jmp/0 T_0.11, 8;
 ; End of false expr.
    %blend;
T_0.11;
    %pad/s 2;
    %assign/vec4 v0000026df740cdf0_0, 0;
    %pushi/vec4 0, 0, 1;
    %assign/vec4 v0000026df740ccb0_0, 0;
    %jmp T_0.7;
T_0.4 ;
    %load/vec4 v0000026df7401820_0;
    %flag_set/vec4 8;
    %jmp/0 T_0.12, 8;
    %pushi/vec4 2, 0, 32;
    %jmp/1 T_0.13, 8;
T_0.12 ; End of true expr.
    %pushi/vec4 3, 0, 32;
    %jmp/0 T_0.13, 8;
 ; End of false expr.
    %blend;
T_0.13;
    %pad/s 2;
    %assign/vec4 v0000026df740cdf0_0, 0;
    %pushi/vec4 0, 0, 1;
    %assign/vec4 v0000026df740ccb0_0, 0;
    %jmp T_0.7;
T_0.5 ;
    %pushi/vec4 0, 0, 2;
    %assign/vec4 v0000026df740cdf0_0, 0;
    %load/vec4 v0000026df7401820_0;
    %flag_set/vec4 8;
    %jmp/0 T_0.14, 8;
    %pushi/vec4 1, 0, 2;
    %jmp/1 T_0.15, 8;
T_0.14 ; End of true expr.
    %pushi/vec4 0, 0, 2;
    %jmp/0 T_0.15, 8;
 ; End of false expr.
    %blend;
T_0.15;
    %pad/s 1;
    %assign/vec4 v0000026df740ccb0_0, 0;
    %jmp T_0.7;
T_0.7 ;
    %pop/vec4 1;
T_0.1 ;
    %jmp T_0;
    .thread T_0;
# The file index is used to find the file name in the following table.
:file_names 3;
    "N/A";
    "<interactive>";
    "FSM_1101_MealyMachine.v";
